[21-May-2017 13:08:39 UTC] PHP Warning:  include(component/db.php): failed to open stream: No such file or directory in /home/ubuntu/workspace/component/tr_signin.php on line 6
[21-May-2017 13:08:39 UTC] PHP Stack trace:
[21-May-2017 13:08:39 UTC] PHP   1. {main}() /home/ubuntu/workspace/component/tr_signin.php:0
[21-May-2017 13:08:39 UTC] PHP Warning:  include(): Failed opening 'component/db.php' for inclusion (include_path='.:/usr/share/php:/usr/share/pear') in /home/ubuntu/workspace/component/tr_signin.php on line 6
[21-May-2017 13:08:39 UTC] PHP Stack trace:
[21-May-2017 13:08:39 UTC] PHP   1. {main}() /home/ubuntu/workspace/component/tr_signin.php:0
[21-May-2017 13:08:39 UTC] PHP Fatal error:  Class 'dbManager' not found in /home/ubuntu/workspace/component/tr_signin.php on line 7
[21-May-2017 13:08:39 UTC] PHP Stack trace:
[21-May-2017 13:08:39 UTC] PHP   1. {main}() /home/ubuntu/workspace/component/tr_signin.php:0
[21-May-2017 13:09:05 UTC] PHP Parse error:  syntax error, unexpected '$pseudo' (T_VARIABLE) in /home/ubuntu/workspace/component/db.php on line 58
[21-May-2017 13:09:05 UTC] PHP Stack trace:
[21-May-2017 13:09:05 UTC] PHP   1. {main}() /home/ubuntu/workspace/component/tr_signin.php:0
[21-May-2017 13:31:21 UTC] PHP Parse error:  syntax error, unexpected '->' (T_OBJECT_OPERATOR), expecting ',' or ';' in /home/ubuntu/workspace/component/db.php on line 36
[21-May-2017 13:31:21 UTC] PHP Stack trace:
[21-May-2017 13:31:21 UTC] PHP   1. {main}() /home/ubuntu/workspace/component/tr_signin.php:0
[21-May-2017 16:05:05 UTC] PHP Fatal error:  Call to undefined function real_escape_string() in /home/ubuntu/workspace/component/db.php on line 34
[21-May-2017 16:05:05 UTC] PHP Stack trace:
[21-May-2017 16:05:05 UTC] PHP   1. {main}() /home/ubuntu/workspace/component/tr_signin.php:0
[21-May-2017 16:05:05 UTC] PHP   2. dbManager->requestSimpleQuery() /home/ubuntu/workspace/component/tr_signin.php:10
[21-May-2017 16:38:32 UTC] PHP Warning:  include(db.php): failed to open stream: No such file or directory in /home/ubuntu/workspace/tmpFiles/initiate.php on line 4
[21-May-2017 16:38:32 UTC] PHP Stack trace:
[21-May-2017 16:38:32 UTC] PHP   1. {main}() /home/ubuntu/workspace/tmpFiles/initiate.php:0
[21-May-2017 16:38:32 UTC] PHP Warning:  include(): Failed opening 'db.php' for inclusion (include_path='.:/usr/share/php:/usr/share/pear') in /home/ubuntu/workspace/tmpFiles/initiate.php on line 4
[21-May-2017 16:38:32 UTC] PHP Stack trace:
[21-May-2017 16:38:32 UTC] PHP   1. {main}() /home/ubuntu/workspace/tmpFiles/initiate.php:0
[21-May-2017 16:38:32 UTC] PHP Fatal error:  Class 'dbManager' not found in /home/ubuntu/workspace/tmpFiles/initiate.php on line 10
[21-May-2017 16:38:32 UTC] PHP Stack trace:
[21-May-2017 16:38:32 UTC] PHP   1. {main}() /home/ubuntu/workspace/tmpFiles/initiate.php:0
[21-May-2017 16:52:36 UTC] PHP Warning:  include(db.php): failed to open stream: No such file or directory in /home/ubuntu/workspace/tmpFiles/initiate.php on line 4
[21-May-2017 16:52:36 UTC] PHP Stack trace:
[21-May-2017 16:52:36 UTC] PHP   1. {main}() /home/ubuntu/workspace/tmpFiles/initiate.php:0
[21-May-2017 16:52:36 UTC] PHP Warning:  include(): Failed opening 'db.php' for inclusion (include_path='.:/usr/share/php:/usr/share/pear') in /home/ubuntu/workspace/tmpFiles/initiate.php on line 4
[21-May-2017 16:52:36 UTC] PHP Stack trace:
[21-May-2017 16:52:36 UTC] PHP   1. {main}() /home/ubuntu/workspace/tmpFiles/initiate.php:0
[21-May-2017 16:52:36 UTC] PHP Fatal error:  Class 'dbManager' not found in /home/ubuntu/workspace/tmpFiles/initiate.php on line 10
[21-May-2017 16:52:36 UTC] PHP Stack trace:
[21-May-2017 16:52:36 UTC] PHP   1. {main}() /home/ubuntu/workspace/tmpFiles/initiate.php:0
[21-May-2017 16:52:52 UTC] PHP Warning:  include(db.php): failed to open stream: No such file or directory in /home/ubuntu/workspace/tmpFiles/initiate.php on line 4
[21-May-2017 16:52:52 UTC] PHP Stack trace:
[21-May-2017 16:52:52 UTC] PHP   1. {main}() /home/ubuntu/workspace/tmpFiles/initiate.php:0
[21-May-2017 16:52:52 UTC] PHP Warning:  include(): Failed opening 'db.php' for inclusion (include_path='.:/usr/share/php:/usr/share/pear') in /home/ubuntu/workspace/tmpFiles/initiate.php on line 4
[21-May-2017 16:52:52 UTC] PHP Stack trace:
[21-May-2017 16:52:52 UTC] PHP   1. {main}() /home/ubuntu/workspace/tmpFiles/initiate.php:0
[21-May-2017 16:52:52 UTC] PHP Fatal error:  Class 'dbManager' not found in /home/ubuntu/workspace/tmpFiles/initiate.php on line 10
[21-May-2017 16:52:52 UTC] PHP Stack trace:
[21-May-2017 16:52:52 UTC] PHP   1. {main}() /home/ubuntu/workspace/tmpFiles/initiate.php:0
[21-May-2017 16:52:57 UTC] PHP Warning:  include(db.php): failed to open stream: No such file or directory in /home/ubuntu/workspace/tmpFiles/initiate.php on line 4
[21-May-2017 16:52:57 UTC] PHP Stack trace:
[21-May-2017 16:52:57 UTC] PHP   1. {main}() /home/ubuntu/workspace/tmpFiles/initiate.php:0
[21-May-2017 16:52:57 UTC] PHP Warning:  include(): Failed opening 'db.php' for inclusion (include_path='.:/usr/share/php:/usr/share/pear') in /home/ubuntu/workspace/tmpFiles/initiate.php on line 4
[21-May-2017 16:52:57 UTC] PHP Stack trace:
[21-May-2017 16:52:57 UTC] PHP   1. {main}() /home/ubuntu/workspace/tmpFiles/initiate.php:0
[21-May-2017 16:52:57 UTC] PHP Fatal error:  Class 'dbManager' not found in /home/ubuntu/workspace/tmpFiles/initiate.php on line 10
[21-May-2017 16:52:57 UTC] PHP Stack trace:
[21-May-2017 16:52:57 UTC] PHP   1. {main}() /home/ubuntu/workspace/tmpFiles/initiate.php:0
[21-May-2017 17:16:56 UTC] PHP Warning:  include(../components/db.php): failed to open stream: No such file or directory in /home/ubuntu/workspace/tmpFiles/initiate.php on line 4
[21-May-2017 17:16:56 UTC] PHP Stack trace:
[21-May-2017 17:16:56 UTC] PHP   1. {main}() /home/ubuntu/workspace/tmpFiles/initiate.php:0
[21-May-2017 17:16:56 UTC] PHP Warning:  include(): Failed opening '../components/db.php' for inclusion (include_path='.:/usr/share/php:/usr/share/pear') in /home/ubuntu/workspace/tmpFiles/initiate.php on line 4
[21-May-2017 17:16:56 UTC] PHP Stack trace:
[21-May-2017 17:16:56 UTC] PHP   1. {main}() /home/ubuntu/workspace/tmpFiles/initiate.php:0
[21-May-2017 17:16:56 UTC] PHP Fatal error:  Class 'dbManager' not found in /home/ubuntu/workspace/tmpFiles/initiate.php on line 10
[21-May-2017 17:16:56 UTC] PHP Stack trace:
[21-May-2017 17:16:56 UTC] PHP   1. {main}() /home/ubuntu/workspace/tmpFiles/initiate.php:0
[21-May-2017 17:16:59 UTC] PHP Warning:  include(../components/db.php): failed to open stream: No such file or directory in /home/ubuntu/workspace/tmpFiles/initiate.php on line 4
[21-May-2017 17:16:59 UTC] PHP Stack trace:
[21-May-2017 17:16:59 UTC] PHP   1. {main}() /home/ubuntu/workspace/tmpFiles/initiate.php:0
[21-May-2017 17:16:59 UTC] PHP Warning:  include(): Failed opening '../components/db.php' for inclusion (include_path='.:/usr/share/php:/usr/share/pear') in /home/ubuntu/workspace/tmpFiles/initiate.php on line 4
[21-May-2017 17:16:59 UTC] PHP Stack trace:
[21-May-2017 17:16:59 UTC] PHP   1. {main}() /home/ubuntu/workspace/tmpFiles/initiate.php:0
[21-May-2017 17:16:59 UTC] PHP Fatal error:  Class 'dbManager' not found in /home/ubuntu/workspace/tmpFiles/initiate.php on line 10
[21-May-2017 17:16:59 UTC] PHP Stack trace:
[21-May-2017 17:16:59 UTC] PHP   1. {main}() /home/ubuntu/workspace/tmpFiles/initiate.php:0
[21-May-2017 17:27:05 UTC] PHP Catchable fatal error:  Object of class mysqli_result could not be converted to string in /home/ubuntu/workspace/component/db.php on line 46
[21-May-2017 17:27:05 UTC] PHP Stack trace:
[21-May-2017 17:27:05 UTC] PHP   1. {main}() /home/ubuntu/workspace/tmpFiles/initiate.php:0
[21-May-2017 17:27:05 UTC] PHP   2. dbManager->requestResultQuery() /home/ubuntu/workspace/tmpFiles/initiate.php:13
[22-May-2017 07:33:01 UTC] PHP Catchable fatal error:  Object of class mysqli_result could not be converted to string in /home/ubuntu/workspace/component/db.php on line 46
[22-May-2017 07:33:01 UTC] PHP Stack trace:
[22-May-2017 07:33:01 UTC] PHP   1. {main}() /home/ubuntu/workspace/tmpFiles/initiate.php:0
[22-May-2017 07:33:01 UTC] PHP   2. dbManager->requestResultQuery() /home/ubuntu/workspace/tmpFiles/initiate.php:13
[22-May-2017 07:33:38 UTC] PHP Catchable fatal error:  Object of class mysqli_result could not be converted to string in /home/ubuntu/workspace/component/db.php on line 47
[22-May-2017 07:33:38 UTC] PHP Stack trace:
[22-May-2017 07:33:38 UTC] PHP   1. {main}() /home/ubuntu/workspace/tmpFiles/initiate.php:0
[22-May-2017 07:33:38 UTC] PHP   2. dbManager->requestResultQuery() /home/ubuntu/workspace/tmpFiles/initiate.php:13
[22-May-2017 09:12:22 UTC] PHP Fatal error:  Call to undefined function printResult() in /home/ubuntu/workspace/component/db.php on line 62
[22-May-2017 09:12:22 UTC] PHP Stack trace:
[22-May-2017 09:12:22 UTC] PHP   1. {main}() /home/ubuntu/workspace/component/tr_signin.php:0
[22-May-2017 09:12:22 UTC] PHP   2. dbManager::print_user() /home/ubuntu/workspace/component/tr_signin.php:8
[22-May-2017 10:01:09 UTC] PHP Fatal error:  Call to undefined function printResult() in /home/ubuntu/workspace/component/db.php on line 62
[22-May-2017 10:01:09 UTC] PHP Stack trace:
[22-May-2017 10:01:09 UTC] PHP   1. {main}() /home/ubuntu/workspace/component/tr_signin.php:0
[22-May-2017 10:01:09 UTC] PHP   2. dbManager::print_user() /home/ubuntu/workspace/component/tr_signin.php:13
[22-May-2017 10:02:09 UTC] PHP Fatal error:  Using $this when not in object context in /home/ubuntu/workspace/component/db.php on line 62
[22-May-2017 10:02:09 UTC] PHP Stack trace:
[22-May-2017 10:02:09 UTC] PHP   1. {main}() /home/ubuntu/workspace/component/tr_signin.php:0
[22-May-2017 10:02:09 UTC] PHP   2. dbManager::print_user() /home/ubuntu/workspace/component/tr_signin.php:13
[22-May-2017 10:06:51 UTC] PHP Parse error:  syntax error, unexpected '->' (T_OBJECT_OPERATOR) in /home/ubuntu/workspace/component/db.php on line 62
[22-May-2017 10:06:51 UTC] PHP Stack trace:
[22-May-2017 10:06:51 UTC] PHP   1. {main}() /home/ubuntu/workspace/component/tr_signin.php:0
[22-May-2017 13:11:05 UTC] PHP Parse error:  syntax error, unexpected ';' in /home/ubuntu/workspace/component/tr_signin.php on line 3
[23-May-2017 12:15:49 UTC] PHP Parse error:  syntax error, unexpected '.' in /home/ubuntu/workspace/tmpFiles/initiate.php on line 60
[24-May-2017 09:52:45 UTC] PHP Fatal error:  Class 'mysqli' not found in /home/ubuntu/workspace/component/db.php on line 20
[24-May-2017 11:00:04 UTC] PHP Fatal error:  Class 'mysqli' not found in /home/ubuntu/workspace/component/db.php on line 20
[24-May-2017 11:00:09 UTC] PHP Fatal error:  Class 'mysqli' not found in /home/ubuntu/workspace/component/db.php on line 20
[31-May-2017 09:00:45 UTC] PHP Warning:  require_once(component/db.php): failed to open stream: No such file or directory in /home/ubuntu/workspace/cron/cleanValidate.php on line 2
[31-May-2017 09:00:45 UTC] PHP Fatal error:  require_once(): Failed opening required 'component/db.php' (include_path='.:/usr/share/php') in /home/ubuntu/workspace/cron/cleanValidate.php on line 2
[31-May-2017 09:01:47 UTC] PHP Warning:  require_once(component/db.php): failed to open stream: No such file or directory in /home/ubuntu/workspace/cron/cleanValidate.php on line 2
[31-May-2017 09:01:47 UTC] PHP Fatal error:  require_once(): Failed opening required 'component/db.php' (include_path='.:/usr/share/php') in /home/ubuntu/workspace/cron/cleanValidate.php on line 2
[31-May-2017 09:01:57 UTC] PHP Warning:  require_once(component/db.php): failed to open stream: No such file or directory in /home/ubuntu/workspace/cron/cleanValidate.php on line 3
[31-May-2017 09:01:57 UTC] PHP Fatal error:  require_once(): Failed opening required 'component/db.php' (include_path='.:/usr/share/php') in /home/ubuntu/workspace/cron/cleanValidate.php on line 3
[31-May-2017 09:02:29 UTC] PHP Warning:  require_once(component/db.php): failed to open stream: No such file or directory in /home/ubuntu/workspace/cron/cleanValidate.php on line 6
[31-May-2017 09:02:29 UTC] PHP Fatal error:  require_once(): Failed opening required 'component/db.php' (include_path='.:/usr/share/php') in /home/ubuntu/workspace/cron/cleanValidate.php on line 6
[23-Jun-2017 14:11:32 UTC] PHP Notice:  Undefined variable: siteName in /home/ubuntu/workspace/component/var.php on line 5
[23-Jun-2017 14:11:32 UTC] PHP Fatal error:  Call to undefined method dbManager::showTable() in /home/ubuntu/workspace/tmpFiles/initiate.php on line 16
[23-Jun-2017 14:11:51 UTC] PHP Notice:  Undefined variable: siteName in /home/ubuntu/workspace/component/var.php on line 5
[23-Jun-2017 14:18:14 UTC] PHP Notice:  Undefined variable: siteName in /home/ubuntu/workspace/component/var.php on line 5
[23-Jun-2017 14:18:14 UTC] PHP Fatal error:  Call to undefined function requestSimpleQuery() in /home/ubuntu/workspace/component/db.php on line 79
[23-Jun-2017 14:18:26 UTC] PHP Notice:  Undefined variable: siteName in /home/ubuntu/workspace/component/var.php on line 5
[23-Jun-2017 14:18:32 UTC] PHP Notice:  Undefined variable: siteName in /home/ubuntu/workspace/component/var.php on line 5
[23-Jun-2017 14:18:45 UTC] PHP Notice:  Undefined variable: siteName in /home/ubuntu/workspace/component/var.php on line 5
[23-Jun-2017 14:19:04 UTC] PHP Notice:  Undefined variable: siteName in /home/ubuntu/workspace/component/var.php on line 5
[23-Jun-2017 14:20:31 UTC] PHP Notice:  Undefined variable: siteName in /home/ubuntu/workspace/component/var.php on line 5
[23-Jun-2017 14:20:31 UTC] PHP Warning:  mysql_fetch_assoc() expects parameter 1 to be resource, object given in /home/ubuntu/workspace/component/db.php on line 77
[23-Jun-2017 14:21:49 UTC] PHP Notice:  Undefined variable: siteName in /home/ubuntu/workspace/component/var.php on line 5
[23-Jun-2017 14:21:49 UTC] PHP Notice:  Array to string conversion in /home/ubuntu/workspace/component/db.php on line 79
[23-Jun-2017 14:21:49 UTC] PHP Notice:  Undefined offset: 0 in /home/ubuntu/workspace/component/db.php on line 80
[23-Jun-2017 14:21:49 UTC] PHP Notice:  Array to string conversion in /home/ubuntu/workspace/component/db.php on line 79
[23-Jun-2017 14:21:49 UTC] PHP Notice:  Undefined offset: 0 in /home/ubuntu/workspace/component/db.php on line 80
[23-Jun-2017 14:21:49 UTC] PHP Notice:  Array to string conversion in /home/ubuntu/workspace/component/db.php on line 79
[23-Jun-2017 14:21:49 UTC] PHP Notice:  Undefined offset: 0 in /home/ubuntu/workspace/component/db.php on line 80
[23-Jun-2017 14:22:04 UTC] PHP Notice:  Undefined variable: siteName in /home/ubuntu/workspace/component/var.php on line 5
[23-Jun-2017 14:22:04 UTC] PHP Notice:  Array to string conversion in /home/ubuntu/workspace/component/db.php on line 79
[23-Jun-2017 14:22:04 UTC] PHP Notice:  Array to string conversion in /home/ubuntu/workspace/component/db.php on line 79
[23-Jun-2017 14:22:04 UTC] PHP Notice:  Array to string conversion in /home/ubuntu/workspace/component/db.php on line 79
[23-Jun-2017 14:22:24 UTC] PHP Notice:  Undefined variable: siteName in /home/ubuntu/workspace/component/var.php on line 5
[23-Jun-2017 14:22:26 UTC] PHP Notice:  Undefined variable: siteName in /home/ubuntu/workspace/component/var.php on line 5
[23-Jun-2017 14:37:32 UTC] PHP Notice:  Undefined variable: siteName in /home/ubuntu/workspace/component/var.php on line 5
[23-Jun-2017 14:37:32 UTC] PHP Notice:  Undefined variable: defaultPicture in /home/ubuntu/workspace/component/db.php on line 124
[23-Jun-2017 14:37:32 UTC] PHP Notice:  Undefined variable: siteAddress in /home/ubuntu/workspace/component/db.php on line 128
[23-Jun-2017 14:37:32 UTC] PHP Notice:  Undefined variable: adminPicture in /home/ubuntu/workspace/component/db.php on line 128
[23-Jun-2017 14:37:36 UTC] PHP Notice:  Undefined variable: siteName in /home/ubuntu/workspace/component/var.php on line 5
[23-Jun-2017 14:37:36 UTC] PHP Notice:  Undefined variable: defaultPicture in /home/ubuntu/workspace/component/db.php on line 124
[23-Jun-2017 14:37:36 UTC] PHP Notice:  Undefined variable: siteAddress in /home/ubuntu/workspace/component/db.php on line 128
[23-Jun-2017 14:37:36 UTC] PHP Notice:  Undefined variable: adminPicture in /home/ubuntu/workspace/component/db.php on line 128
[23-Jun-2017 14:38:59 UTC] PHP Notice:  Undefined variable: siteName in /home/ubuntu/workspace/component/var.php on line 5
[23-Jun-2017 14:38:59 UTC] PHP Notice:  Undefined variable: defaultPicture in /home/ubuntu/workspace/component/db.php on line 127
[23-Jun-2017 14:38:59 UTC] PHP Notice:  Undefined variable: siteAddress in /home/ubuntu/workspace/component/db.php on line 131
[23-Jun-2017 14:38:59 UTC] PHP Notice:  Undefined variable: adminPicture in /home/ubuntu/workspace/component/db.php on line 131
[23-Jun-2017 14:40:10 UTC] PHP Notice:  Undefined variable: siteName in /home/ubuntu/workspace/component/var.php on line 5
[23-Jun-2017 14:40:10 UTC] PHP Notice:  Undefined variable: defaultPicture in /home/ubuntu/workspace/component/db.php on line 127
[23-Jun-2017 14:40:10 UTC] PHP Notice:  Undefined variable: siteAddress in /home/ubuntu/workspace/component/db.php on line 131
[23-Jun-2017 14:40:10 UTC] PHP Notice:  Undefined variable: adminPicture in /home/ubuntu/workspace/component/db.php on line 131
[23-Jun-2017 14:41:13 UTC] PHP Notice:  Undefined variable: siteName in /home/ubuntu/workspace/component/var.php on line 5
[23-Jun-2017 14:41:13 UTC] PHP Fatal error:  Cannot redeclare error() (previously declared in /home/ubuntu/workspace/component/var.php:57) in /home/ubuntu/workspace/component/var.php on line 57
[23-Jun-2017 14:41:59 UTC] PHP Notice:  Undefined variable: siteName in /home/ubuntu/workspace/component/var.php on line 5
[23-Jun-2017 14:41:59 UTC] PHP Notice:  Undefined variable: defaultPicture in /home/ubuntu/workspace/component/db.php on line 127
[23-Jun-2017 14:41:59 UTC] PHP Notice:  Undefined variable: siteAddress in /home/ubuntu/workspace/component/db.php on line 131
[23-Jun-2017 14:41:59 UTC] PHP Notice:  Undefined variable: adminPicture in /home/ubuntu/workspace/component/db.php on line 131
[28-Jun-2017 08:43:00 UTC] PHP Notice:  Undefined variable: siteName in /home/ubuntu/workspace/component/var.php on line 5
[28-Jun-2017 08:43:00 UTC] PHP Notice:  Undefined variable: defaultPicture in /home/ubuntu/workspace/component/db.php on line 129
[28-Jun-2017 08:43:00 UTC] PHP Notice:  Undefined variable: siteAddress in /home/ubuntu/workspace/component/db.php on line 133
[28-Jun-2017 08:43:00 UTC] PHP Notice:  Undefined variable: adminPicture in /home/ubuntu/workspace/component/db.php on line 133
[28-Jun-2017 08:45:21 UTC] PHP Notice:  Undefined variable: siteName in /home/ubuntu/workspace/component/var.php on line 5
[28-Jun-2017 08:45:21 UTC] PHP Notice:  Undefined variable: defaultPicture in /home/ubuntu/workspace/component/db.php on line 131
[28-Jun-2017 08:45:22 UTC] PHP Notice:  Undefined variable: siteAddress in /home/ubuntu/workspace/component/db.php on line 135
[28-Jun-2017 08:45:22 UTC] PHP Notice:  Undefined variable: adminPicture in /home/ubuntu/workspace/component/db.php on line 135
[28-Jun-2017 08:46:33 UTC] PHP Notice:  Undefined variable: siteName in /home/ubuntu/workspace/component/var.php on line 5
[28-Jun-2017 08:46:34 UTC] PHP Notice:  Undefined variable: defaultPicture in /home/ubuntu/workspace/component/db.php on line 131
[28-Jun-2017 08:46:34 UTC] PHP Notice:  Undefined variable: siteAddress in /home/ubuntu/workspace/component/db.php on line 135
[28-Jun-2017 08:46:34 UTC] PHP Notice:  Undefined variable: adminPicture in /home/ubuntu/workspace/component/db.php on line 135
[28-Jun-2017 08:48:03 UTC] PHP Notice:  Undefined variable: siteName in /home/ubuntu/workspace/component/var.php on line 5
[28-Jun-2017 08:48:03 UTC] PHP Notice:  Undefined variable: defaultPicture in /home/ubuntu/workspace/component/db.php on line 131
[28-Jun-2017 08:48:03 UTC] PHP Notice:  Undefined variable: siteAddress in /home/ubuntu/workspace/component/db.php on line 135
[28-Jun-2017 08:48:03 UTC] PHP Notice:  Undefined variable: adminPicture in /home/ubuntu/workspace/component/db.php on line 135
[28-Jun-2017 08:48:41 UTC] PHP Notice:  Undefined variable: siteName in /home/ubuntu/workspace/component/var.php on line 5
[28-Jun-2017 08:48:41 UTC] PHP Notice:  Undefined variable: defaultPicture in /home/ubuntu/workspace/component/db.php on line 131
[28-Jun-2017 08:48:41 UTC] PHP Notice:  Undefined variable: siteAddress in /home/ubuntu/workspace/component/db.php on line 135
[28-Jun-2017 08:48:42 UTC] PHP Notice:  Undefined variable: adminPicture in /home/ubuntu/workspace/component/db.php on line 135
[28-Jun-2017 08:50:38 UTC] PHP Notice:  Undefined variable: siteName in /home/ubuntu/workspace/component/var.php on line 5
[28-Jun-2017 08:50:38 UTC] PHP Notice:  Undefined variable: defaultPicture in /home/ubuntu/workspace/component/db.php on line 131
[28-Jun-2017 08:50:38 UTC] PHP Notice:  Undefined variable: siteAddress in /home/ubuntu/workspace/component/db.php on line 135
[28-Jun-2017 08:50:38 UTC] PHP Notice:  Undefined variable: adminPicture in /home/ubuntu/workspace/component/db.php on line 135
[28-Jun-2017 08:55:30 UTC] PHP Notice:  Undefined variable: siteName in /home/ubuntu/workspace/component/var.php on line 5
[28-Jun-2017 08:55:31 UTC] PHP Notice:  Undefined variable: siteAddress in /home/ubuntu/workspace/component/db.php on line 137
[28-Jun-2017 08:55:31 UTC] PHP Notice:  Undefined variable: adminPicture in /home/ubuntu/workspace/component/db.php on line 137
[28-Jun-2017 08:55:48 UTC] PHP Notice:  Undefined variable: siteName in /home/ubuntu/workspace/component/var.php on line 5
